[2024-10-07 14:25:29] local.ERROR: No application encryption key has been specified. {"exception":"[object] (Illuminate\\Encryption\\MissingAppKeyException(code: 0): No application encryption key has been specified. at D:\\KULIAH\\SEMESTER 3\\TUGAS\\Praktikum Pemrograman Web 2\\code\\latihanUTS\\laravel-sb-admin-2\\vendor\\laravel\\framework\\src\\Illuminate\\Encryption\\EncryptionServiceProvider.php:83)
[stacktrace]
#0 D:\\KULIAH\\SEMESTER 3\\TUGAS\\Praktikum Pemrograman Web 2\\code\\latihanUTS\\laravel-sb-admin-2\\vendor\\laravel\\framework\\src\\Illuminate\\Support\\helpers.php(363): Illuminate\\Encryption\\EncryptionServiceProvider->Illuminate\\Encryption\\{closure}('')
#1 D:\\KULIAH\\SEMESTER 3\\TUGAS\\Praktikum Pemrograman Web 2\\code\\latihanUTS\\laravel-sb-admin-2\\vendor\\laravel\\framework\\src\\Illuminate\\Encryption\\EncryptionServiceProvider.php(81): tap('', Object(Closure))
#2 D:\\KULIAH\\SEMESTER 3\\TUGAS\\Praktikum Pemrograman Web 2\\code\\latihanUTS\\laravel-sb-admin-2\\vendor\\laravel\\framework\\src\\Illuminate\\Encryption\\EncryptionServiceProvider.php(64): Illuminate\\Encryption\\EncryptionServiceProvider->key(Array)
#3 D:\\KULIAH\\SEMESTER 3\\TUGAS\\Praktikum Pemrograman Web 2\\code\\latihanUTS\\laravel-sb-admin-2\\vendor\\laravel\\framework\\src\\Illuminate\\Encryption\\EncryptionServiceProvider.php(32): Illuminate\\Encryption\\EncryptionServiceProvider->parseKey(Array)
#4 D:\\KULIAH\\SEMESTER 3\\TUGAS\\Praktikum Pemrograman Web 2\\code\\latihanUTS\\laravel-sb-admin-2\\vendor\\laravel\\framework\\src\\Illuminate\\Container\\Container.php(900): Illuminate\\Encryption\\EncryptionServiceProvider->Illuminate\\Encryption\\{closure}(Object(Illuminate\\Foundation\\Application), Array)
#5 D:\\KULIAH\\SEMESTER 3\\TUGAS\\Praktikum Pemrograman Web 2\\code\\latihanUTS\\laravel-sb-admin-2\\vendor\\laravel\\framework\\src\\Illuminate\\Container\\Container.php(787): Illuminate\\Container\\Container->build(Object(Closure))
#6 D:\\KULIAH\\SEMESTER 3\\TUGAS\\Praktikum Pemrograman Web 2\\code\\latihanUTS\\laravel-sb-admin-2\\vendor\\laravel\\framework\\src\\Illuminate\\Foundation\\Application.php(1041): Illuminate\\Container\\Container->resolve('encrypter', Array, true)
#7 D:\\KULIAH\\SEMESTER 3\\TUGAS\\Praktikum Pemrograman Web 2\\code\\latihanUTS\\laravel-sb-admin-2\\vendor\\laravel\\framework\\src\\Illuminate\\Container\\Container.php(723): Illuminate\\Foundation\\Application->resolve('encrypter', Array)
#8 D:\\KULIAH\\SEMESTER 3\\TUGAS\\Praktikum Pemrograman Web 2\\code\\latihanUTS\\laravel-sb-admin-2\\vendor\\laravel\\framework\\src\\Illuminate\\Foundation\\Application.php(1026): Illuminate\\Container\\Container->make('encrypter', Array)
#9 D:\\KULIAH\\SEMESTER 3\\TUGAS\\Praktikum Pemrograman Web 2\\code\\latihanUTS\\laravel-sb-admin-2\\vendor\\laravel\\framework\\src\\Illuminate\\Container\\Container.php(1058): Illuminate\\Foundation\\Application->make('encrypter')
#10 D:\\KULIAH\\SEMESTER 3\\TUGAS\\Praktikum Pemrograman Web 2\\code\\latihanUTS\\laravel-sb-admin-2\\vendor\\laravel\\framework\\src\\Illuminate\\Container\\Container.php(974): Illuminate\\Container\\Container->resolveClass(Object(ReflectionParameter))
#11 D:\\KULIAH\\SEMESTER 3\\TUGAS\\Praktikum Pemrograman Web 2\\code\\latihanUTS\\laravel-sb-admin-2\\vendor\\laravel\\framework\\src\\Illuminate\\Container\\Container.php(935): Illuminate\\Container\\Container->resolveDependencies(Array)
#12 D:\\KULIAH\\SEMESTER 3\\TUGAS\\Praktikum Pemrograman Web 2\\code\\latihanUTS\\laravel-sb-admin-2\\vendor\\laravel\\framework\\src\\Illuminate\\Container\\Container.php(787): Illuminate\\Container\\Container->build('App\\\\Http\\\\Middle...')
#13 D:\\KULIAH\\SEMESTER 3\\TUGAS\\Praktikum Pemrograman Web 2\\code\\latihanUTS\\laravel-sb-admin-2\\vendor\\laravel\\framework\\src\\Illuminate\\Foundation\\Application.php(1041): Illuminate\\Container\\Container->resolve('App\\\\Http\\\\Middle...', Array, true)
#14 D:\\KULIAH\\SEMESTER 3\\TUGAS\\Praktikum Pemrograman Web 2\\code\\latihanUTS\\laravel-sb-admin-2\\vendor\\laravel\\framework\\src\\Illuminate\\Container\\Container.php(723): Illuminate\\Foundation\\Application->resolve('App\\\\Http\\\\Middle...', Array)
#15 D:\\KULIAH\\SEMESTER 3\\TUGAS\\Praktikum Pemrograman Web 2\\code\\latihanUTS\\laravel-sb-admin-2\\vendor\\laravel\\framework\\src\\Illuminate\\Foundation\\Application.php(1026): Illuminate\\Container\\Container->make('App\\\\Http\\\\Middle...', Array)
#16 D:\\KULIAH\\SEMESTER 3\\TUGAS\\Praktikum Pemrograman Web 2\\code\\latihanUTS\\laravel-sb-admin-2\\vendor\\laravel\\framework\\src\\Illuminate\\Pipeline\\Pipeline.php(172): Illuminate\\Foundation\\Application->make('App\\\\Http\\\\Middle...')
#17 D:\\KULIAH\\SEMESTER 3\\TUGAS\\Praktikum Pemrograman Web 2\\code\\latihanUTS\\laravel-sb-admin-2\\vendor\\laravel\\framework\\src\\Illuminate\\Pipeline\\Pipeline.php(119): Illuminate\\Pipeline\\Pipeline->Illuminate\\Pipeline\\{closure}(Object(Illuminate\\Http\\Request))
#18 D:\\KULIAH\\SEMESTER 3\\TUGAS\\Praktikum Pemrograman Web 2\\code\\latihanUTS\\laravel-sb-admin-2\\vendor\\laravel\\framework\\src\\Illuminate\\Routing\\Router.php(805): Illuminate\\Pipeline\\Pipeline->then(Object(Closure))
#19 D:\\KULIAH\\SEMESTER 3\\TUGAS\\Praktikum Pemrograman Web 2\\code\\latihanUTS\\laravel-sb-admin-2\\vendor\\laravel\\framework\\src\\Illuminate\\Routing\\Router.php(784): Illuminate\\Routing\\Router->runRouteWithinStack(Object(Illuminate\\Routing\\Route), Object(Illuminate\\Http\\Request))
#20 D:\\KULIAH\\SEMESTER 3\\TUGAS\\Praktikum Pemrograman Web 2\\code\\latihanUTS\\laravel-sb-admin-2\\vendor\\laravel\\framework\\src\\Illuminate\\Routing\\Router.php(748): Illuminate\\Routing\\Router->runRoute(Object(Illuminate\\Http\\Request), Object(Illuminate\\Routing\\Route))
#21 D:\\KULIAH\\SEMESTER 3\\TUGAS\\Praktikum Pemrograman Web 2\\code\\latihanUTS\\laravel-sb-admin-2\\vendor\\laravel\\framework\\src\\Illuminate\\Routing\\Router.php(737): Illuminate\\Routing\\Router->dispatchToRoute(Object(Illuminate\\Http\\Request))
#22 D:\\KULIAH\\SEMESTER 3\\TUGAS\\Praktikum Pemrograman Web 2\\code\\latihanUTS\\laravel-sb-admin-2\\vendor\\laravel\\framework\\src\\Illuminate\\Foundation\\Http\\Kernel.php(200): Illuminate\\Routing\\Router->dispatch(Object(Illuminate\\Http\\Request))
#23 D:\\KULIAH\\SEMESTER 3\\TUGAS\\Praktikum Pemrograman Web 2\\code\\latihanUTS\\laravel-sb-admin-2\\vendor\\laravel\\framework\\src\\Illuminate\\Pipeline\\Pipeline.php(144): Illuminate\\Foundation\\Http\\Kernel->Illuminate\\Foundation\\Http\\{closure}(Object(Illuminate\\Http\\Request))
#24 D:\\KULIAH\\SEMESTER 3\\TUGAS\\Praktikum Pemrograman Web 2\\code\\latihanUTS\\laravel-sb-admin-2\\vendor\\laravel\\framework\\src\\Illuminate\\Foundation\\Http\\Middleware\\TransformsRequest.php(21): Illuminate\\Pipeline\\Pipeline->Illuminate\\Pipeline\\{closure}(Object(Illuminate\\Http\\Request))
#25 D:\\KULIAH\\SEMESTER 3\\TUGAS\\Praktikum Pemrograman Web 2\\code\\latihanUTS\\laravel-sb-admin-2\\vendor\\laravel\\framework\\src\\Illuminate\\Foundation\\Http\\Middleware\\ConvertEmptyStringsToNull.php(31): Illuminate\\Foundation\\Http\\Middleware\\TransformsRequest->handle(Object(Illuminate\\Http\\Request), Object(Closure))
#26 D:\\KULIAH\\SEMESTER 3\\TUGAS\\Praktikum Pemrograman Web 2\\code\\latihanUTS\\laravel-sb-admin-2\\vendor\\laravel\\framework\\src\\Illuminate\\Pipeline\\Pipeline.php(183): Illuminate\\Foundation\\Http\\Middleware\\ConvertEmptyStringsToNull->handle(Object(Illuminate\\Http\\Request), Object(Closure))
#27 D:\\KULIAH\\SEMESTER 3\\TUGAS\\Praktikum Pemrograman Web 2\\code\\latihanUTS\\laravel-sb-admin-2\\vendor\\laravel\\framework\\src\\Illuminate\\Foundation\\Http\\Middleware\\TransformsRequest.php(21): Illuminate\\Pipeline\\Pipeline->Illuminate\\Pipeline\\{closure}(Object(Illuminate\\Http\\Request))
#28 D:\\KULIAH\\SEMESTER 3\\TUGAS\\Praktikum Pemrograman Web 2\\code\\latihanUTS\\laravel-sb-admin-2\\vendor\\laravel\\framework\\src\\Illuminate\\Foundation\\Http\\Middleware\\TrimStrings.php(51): Illuminate\\Foundation\\Http\\Middleware\\TransformsRequest->handle(Object(Illuminate\\Http\\Request), Object(Closure))
#29 D:\\KULIAH\\SEMESTER 3\\TUGAS\\Praktikum Pemrograman Web 2\\code\\latihanUTS\\laravel-sb-admin-2\\vendor\\laravel\\framework\\src\\Illuminate\\Pipeline\\Pipeline.php(183): Illuminate\\Foundation\\Http\\Middleware\\TrimStrings->handle(Object(Illuminate\\Http\\Request), Object(Closure))
#30 D:\\KULIAH\\SEMESTER 3\\TUGAS\\Praktikum Pemrograman Web 2\\code\\latihanUTS\\laravel-sb-admin-2\\vendor\\laravel\\framework\\src\\Illuminate\\Http\\Middleware\\ValidatePostSize.php(27): Illuminate\\Pipeline\\Pipeline->Illuminate\\Pipeline\\{closure}(Object(Illuminate\\Http\\Request))
#31 D:\\KULIAH\\SEMESTER 3\\TUGAS\\Praktikum Pemrograman Web 2\\code\\latihanUTS\\laravel-sb-admin-2\\vendor\\laravel\\framework\\src\\Illuminate\\Pipeline\\Pipeline.php(183): Illuminate\\Http\\Middleware\\ValidatePostSize->handle(Object(Illuminate\\Http\\Request), Object(Closure))
#32 D:\\KULIAH\\SEMESTER 3\\TUGAS\\Praktikum Pemrograman Web 2\\code\\latihanUTS\\laravel-sb-admin-2\\vendor\\laravel\\framework\\src\\Illuminate\\Foundation\\Http\\Middleware\\PreventRequestsDuringMaintenance.php(110): Illuminate\\Pipeline\\Pipeline->Illuminate\\Pipeline\\{closure}(Object(Illuminate\\Http\\Request))
#33 D:\\KULIAH\\SEMESTER 3\\TUGAS\\Praktikum Pemrograman Web 2\\code\\latihanUTS\\laravel-sb-admin-2\\vendor\\laravel\\framework\\src\\Illuminate\\Pipeline\\Pipeline.php(183): Illuminate\\Foundation\\Http\\Middleware\\PreventRequestsDuringMaintenance->handle(Object(Illuminate\\Http\\Request), Object(Closure))
#34 D:\\KULIAH\\SEMESTER 3\\TUGAS\\Praktikum Pemrograman Web 2\\code\\latihanUTS\\laravel-sb-admin-2\\vendor\\laravel\\framework\\src\\Illuminate\\Http\\Middleware\\HandleCors.php(49): Illuminate\\Pipeline\\Pipeline->Illuminate\\Pipeline\\{closure}(Object(Illuminate\\Http\\Request))
#35 D:\\KULIAH\\SEMESTER 3\\TUGAS\\Praktikum Pemrograman Web 2\\code\\latihanUTS\\laravel-sb-admin-2\\vendor\\laravel\\framework\\src\\Illuminate\\Pipeline\\Pipeline.php(183): Illuminate\\Http\\Middleware\\HandleCors->handle(Object(Illuminate\\Http\\Request), Object(Closure))
#36 D:\\KULIAH\\SEMESTER 3\\TUGAS\\Praktikum Pemrograman Web 2\\code\\latihanUTS\\laravel-sb-admin-2\\vendor\\laravel\\framework\\src\\Illuminate\\Http\\Middleware\\TrustProxies.php(57): Illuminate\\Pipeline\\Pipeline->Illuminate\\Pipeline\\{closure}(Object(Illuminate\\Http\\Request))
#37 D:\\KULIAH\\SEMESTER 3\\TUGAS\\Praktikum Pemrograman Web 2\\code\\latihanUTS\\laravel-sb-admin-2\\vendor\\laravel\\framework\\src\\Illuminate\\Pipeline\\Pipeline.php(183): Illuminate\\Http\\Middleware\\TrustProxies->handle(Object(Illuminate\\Http\\Request), Object(Closure))
#38 D:\\KULIAH\\SEMESTER 3\\TUGAS\\Praktikum Pemrograman Web 2\\code\\latihanUTS\\laravel-sb-admin-2\\vendor\\laravel\\framework\\src\\Illuminate\\Pipeline\\Pipeline.php(119): Illuminate\\Pipeline\\Pipeline->Illuminate\\Pipeline\\{closure}(Object(Illuminate\\Http\\Request))
#39 D:\\KULIAH\\SEMESTER 3\\TUGAS\\Praktikum Pemrograman Web 2\\code\\latihanUTS\\laravel-sb-admin-2\\vendor\\laravel\\framework\\src\\Illuminate\\Foundation\\Http\\Kernel.php(175): Illuminate\\Pipeline\\Pipeline->then(Object(Closure))
#40 D:\\KULIAH\\SEMESTER 3\\TUGAS\\Praktikum Pemrograman Web 2\\code\\latihanUTS\\laravel-sb-admin-2\\vendor\\laravel\\framework\\src\\Illuminate\\Foundation\\Http\\Kernel.php(144): Illuminate\\Foundation\\Http\\Kernel->sendRequestThroughRouter(Object(Illuminate\\Http\\Request))
#41 D:\\KULIAH\\SEMESTER 3\\TUGAS\\Praktikum Pemrograman Web 2\\code\\latihanUTS\\laravel-sb-admin-2\\public\\index.php(54): Illuminate\\Foundation\\Http\\Kernel->handle(Object(Illuminate\\Http\\Request))
#42 D:\\KULIAH\\SEMESTER 3\\TUGAS\\Praktikum Pemrograman Web 2\\code\\latihanUTS\\laravel-sb-admin-2\\server.php(21): require_once('D:\\\\KULIAH\\\\SEMES...')
#43 {main}
"} 
[2024-10-07 14:25:29] local.ERROR: No application encryption key has been specified. {"exception":"[object] (Illuminate\\Encryption\\MissingAppKeyException(code: 0): No application encryption key has been specified. at D:\\KULIAH\\SEMESTER 3\\TUGAS\\Praktikum Pemrograman Web 2\\code\\latihanUTS\\laravel-sb-admin-2\\vendor\\laravel\\framework\\src\\Illuminate\\Encryption\\EncryptionServiceProvider.php:83)
[stacktrace]
#0 D:\\KULIAH\\SEMESTER 3\\TUGAS\\Praktikum Pemrograman Web 2\\code\\latihanUTS\\laravel-sb-admin-2\\vendor\\laravel\\framework\\src\\Illuminate\\Support\\helpers.php(363): Illuminate\\Encryption\\EncryptionServiceProvider->Illuminate\\Encryption\\{closure}('')
#1 D:\\KULIAH\\SEMESTER 3\\TUGAS\\Praktikum Pemrograman Web 2\\code\\latihanUTS\\laravel-sb-admin-2\\vendor\\laravel\\framework\\src\\Illuminate\\Encryption\\EncryptionServiceProvider.php(81): tap('', Object(Closure))
#2 D:\\KULIAH\\SEMESTER 3\\TUGAS\\Praktikum Pemrograman Web 2\\code\\latihanUTS\\laravel-sb-admin-2\\vendor\\laravel\\framework\\src\\Illuminate\\Encryption\\EncryptionServiceProvider.php(64): Illuminate\\Encryption\\EncryptionServiceProvider->key(Array)
#3 D:\\KULIAH\\SEMESTER 3\\TUGAS\\Praktikum Pemrograman Web 2\\code\\latihanUTS\\laravel-sb-admin-2\\vendor\\laravel\\framework\\src\\Illuminate\\Encryption\\EncryptionServiceProvider.php(32): Illuminate\\Encryption\\EncryptionServiceProvider->parseKey(Array)
#4 D:\\KULIAH\\SEMESTER 3\\TUGAS\\Praktikum Pemrograman Web 2\\code\\latihanUTS\\laravel-sb-admin-2\\vendor\\laravel\\framework\\src\\Illuminate\\Container\\Container.php(900): Illuminate\\Encryption\\EncryptionServiceProvider->Illuminate\\Encryption\\{closure}(Object(Illuminate\\Foundation\\Application), Array)
#5 D:\\KULIAH\\SEMESTER 3\\TUGAS\\Praktikum Pemrograman Web 2\\code\\latihanUTS\\laravel-sb-admin-2\\vendor\\laravel\\framework\\src\\Illuminate\\Container\\Container.php(787): Illuminate\\Container\\Container->build(Object(Closure))
#6 D:\\KULIAH\\SEMESTER 3\\TUGAS\\Praktikum Pemrograman Web 2\\code\\latihanUTS\\laravel-sb-admin-2\\vendor\\laravel\\framework\\src\\Illuminate\\Foundation\\Application.php(1041): Illuminate\\Container\\Container->resolve('encrypter', Array, true)
#7 D:\\KULIAH\\SEMESTER 3\\TUGAS\\Praktikum Pemrograman Web 2\\code\\latihanUTS\\laravel-sb-admin-2\\vendor\\laravel\\framework\\src\\Illuminate\\Container\\Container.php(723): Illuminate\\Foundation\\Application->resolve('encrypter', Array)
#8 D:\\KULIAH\\SEMESTER 3\\TUGAS\\Praktikum Pemrograman Web 2\\code\\latihanUTS\\laravel-sb-admin-2\\vendor\\laravel\\framework\\src\\Illuminate\\Foundation\\Application.php(1026): Illuminate\\Container\\Container->make('encrypter', Array)
#9 D:\\KULIAH\\SEMESTER 3\\TUGAS\\Praktikum Pemrograman Web 2\\code\\latihanUTS\\laravel-sb-admin-2\\vendor\\laravel\\framework\\src\\Illuminate\\Container\\Container.php(1058): Illuminate\\Foundation\\Application->make('encrypter')
#10 D:\\KULIAH\\SEMESTER 3\\TUGAS\\Praktikum Pemrograman Web 2\\code\\latihanUTS\\laravel-sb-admin-2\\vendor\\laravel\\framework\\src\\Illuminate\\Container\\Container.php(974): Illuminate\\Container\\Container->resolveClass(Object(ReflectionParameter))
#11 D:\\KULIAH\\SEMESTER 3\\TUGAS\\Praktikum Pemrograman Web 2\\code\\latihanUTS\\laravel-sb-admin-2\\vendor\\laravel\\framework\\src\\Illuminate\\Container\\Container.php(935): Illuminate\\Container\\Container->resolveDependencies(Array)
#12 D:\\KULIAH\\SEMESTER 3\\TUGAS\\Praktikum Pemrograman Web 2\\code\\latihanUTS\\laravel-sb-admin-2\\vendor\\laravel\\framework\\src\\Illuminate\\Container\\Container.php(787): Illuminate\\Container\\Container->build('App\\\\Http\\\\Middle...')
#13 D:\\KULIAH\\SEMESTER 3\\TUGAS\\Praktikum Pemrograman Web 2\\code\\latihanUTS\\laravel-sb-admin-2\\vendor\\laravel\\framework\\src\\Illuminate\\Foundation\\Application.php(1041): Illuminate\\Container\\Container->resolve('App\\\\Http\\\\Middle...', Array, true)
#14 D:\\KULIAH\\SEMESTER 3\\TUGAS\\Praktikum Pemrograman Web 2\\code\\latihanUTS\\laravel-sb-admin-2\\vendor\\laravel\\framework\\src\\Illuminate\\Container\\Container.php(723): Illuminate\\Foundation\\Application->resolve('App\\\\Http\\\\Middle...', Array)
#15 D:\\KULIAH\\SEMESTER 3\\TUGAS\\Praktikum Pemrograman Web 2\\code\\latihanUTS\\laravel-sb-admin-2\\vendor\\laravel\\framework\\src\\Illuminate\\Foundation\\Application.php(1026): Illuminate\\Container\\Container->make('App\\\\Http\\\\Middle...', Array)
#16 D:\\KULIAH\\SEMESTER 3\\TUGAS\\Praktikum Pemrograman Web 2\\code\\latihanUTS\\laravel-sb-admin-2\\vendor\\laravel\\framework\\src\\Illuminate\\Foundation\\Http\\Kernel.php(255): Illuminate\\Foundation\\Application->make('App\\\\Http\\\\Middle...')
#17 D:\\KULIAH\\SEMESTER 3\\TUGAS\\Praktikum Pemrograman Web 2\\code\\latihanUTS\\laravel-sb-admin-2\\vendor\\laravel\\framework\\src\\Illuminate\\Foundation\\Http\\Kernel.php(213): Illuminate\\Foundation\\Http\\Kernel->terminateMiddleware(Object(Illuminate\\Http\\Request), Object(Illuminate\\Http\\Response))
#18 D:\\KULIAH\\SEMESTER 3\\TUGAS\\Praktikum Pemrograman Web 2\\code\\latihanUTS\\laravel-sb-admin-2\\public\\index.php(60): Illuminate\\Foundation\\Http\\Kernel->terminate(Object(Illuminate\\Http\\Request), Object(Illuminate\\Http\\Response))
#19 D:\\KULIAH\\SEMESTER 3\\TUGAS\\Praktikum Pemrograman Web 2\\code\\latihanUTS\\laravel-sb-admin-2\\server.php(21): require_once('D:\\\\KULIAH\\\\SEMES...')
#20 {main}
"} 
[2024-10-07 14:27:53] local.ERROR: Class "Fideloper\Proxy\TrustProxies" not found {"exception":"[object] (Error(code: 0): Class \"Fideloper\\Proxy\\TrustProxies\" not found at D:\\KULIAH\\SEMESTER 3\\TUGAS\\Praktikum Pemrograman Web 2\\code\\latihanUTS\\laravel-sb-admin-2\\app\\Http\\Middleware\\TrustProxies.php:8)
[stacktrace]
#0 D:\\KULIAH\\SEMESTER 3\\TUGAS\\Praktikum Pemrograman Web 2\\code\\latihanUTS\\laravel-sb-admin-2\\vendor\\composer\\ClassLoader.php(576): include()
#1 D:\\KULIAH\\SEMESTER 3\\TUGAS\\Praktikum Pemrograman Web 2\\code\\latihanUTS\\laravel-sb-admin-2\\vendor\\composer\\ClassLoader.php(427): Composer\\Autoload\\{closure}('D:\\\\KULIAH\\\\SEMES...')
#2 [internal function]: Composer\\Autoload\\ClassLoader->loadClass('App\\\\Http\\\\Middle...')
#3 D:\\KULIAH\\SEMESTER 3\\TUGAS\\Praktikum Pemrograman Web 2\\code\\latihanUTS\\laravel-sb-admin-2\\vendor\\laravel\\framework\\src\\Illuminate\\Container\\Container.php(904): ReflectionClass->__construct('App\\\\Http\\\\Middle...')
#4 D:\\KULIAH\\SEMESTER 3\\TUGAS\\Praktikum Pemrograman Web 2\\code\\latihanUTS\\laravel-sb-admin-2\\vendor\\laravel\\framework\\src\\Illuminate\\Container\\Container.php(787): Illuminate\\Container\\Container->build('App\\\\Http\\\\Middle...')
#5 D:\\KULIAH\\SEMESTER 3\\TUGAS\\Praktikum Pemrograman Web 2\\code\\latihanUTS\\laravel-sb-admin-2\\vendor\\laravel\\framework\\src\\Illuminate\\Foundation\\Application.php(1041): Illuminate\\Container\\Container->resolve('App\\\\Http\\\\Middle...', Array, true)
#6 D:\\KULIAH\\SEMESTER 3\\TUGAS\\Praktikum Pemrograman Web 2\\code\\latihanUTS\\laravel-sb-admin-2\\vendor\\laravel\\framework\\src\\Illuminate\\Container\\Container.php(723): Illuminate\\Foundation\\Application->resolve('App\\\\Http\\\\Middle...', Array)
#7 D:\\KULIAH\\SEMESTER 3\\TUGAS\\Praktikum Pemrograman Web 2\\code\\latihanUTS\\laravel-sb-admin-2\\vendor\\laravel\\framework\\src\\Illuminate\\Foundation\\Application.php(1026): Illuminate\\Container\\Container->make('App\\\\Http\\\\Middle...', Array)
#8 D:\\KULIAH\\SEMESTER 3\\TUGAS\\Praktikum Pemrograman Web 2\\code\\latihanUTS\\laravel-sb-admin-2\\vendor\\laravel\\framework\\src\\Illuminate\\Pipeline\\Pipeline.php(172): Illuminate\\Foundation\\Application->make('App\\\\Http\\\\Middle...')
#9 D:\\KULIAH\\SEMESTER 3\\TUGAS\\Praktikum Pemrograman Web 2\\code\\latihanUTS\\laravel-sb-admin-2\\vendor\\laravel\\framework\\src\\Illuminate\\Pipeline\\Pipeline.php(119): Illuminate\\Pipeline\\Pipeline->Illuminate\\Pipeline\\{closure}(Object(Illuminate\\Http\\Request))
#10 D:\\KULIAH\\SEMESTER 3\\TUGAS\\Praktikum Pemrograman Web 2\\code\\latihanUTS\\laravel-sb-admin-2\\vendor\\laravel\\framework\\src\\Illuminate\\Foundation\\Http\\Kernel.php(175): Illuminate\\Pipeline\\Pipeline->then(Object(Closure))
#11 D:\\KULIAH\\SEMESTER 3\\TUGAS\\Praktikum Pemrograman Web 2\\code\\latihanUTS\\laravel-sb-admin-2\\vendor\\laravel\\framework\\src\\Illuminate\\Foundation\\Http\\Kernel.php(144): Illuminate\\Foundation\\Http\\Kernel->sendRequestThroughRouter(Object(Illuminate\\Http\\Request))
#12 D:\\KULIAH\\SEMESTER 3\\TUGAS\\Praktikum Pemrograman Web 2\\code\\latihanUTS\\laravel-sb-admin-2\\public\\index.php(54): Illuminate\\Foundation\\Http\\Kernel->handle(Object(Illuminate\\Http\\Request))
#13 D:\\KULIAH\\SEMESTER 3\\TUGAS\\Praktikum Pemrograman Web 2\\code\\latihanUTS\\laravel-sb-admin-2\\server.php(21): require_once('D:\\\\KULIAH\\\\SEMES...')
#14 {main}
"} 
[2024-10-07 14:27:54] local.ERROR: Class "Fideloper\Proxy\TrustProxies" not found {"exception":"[object] (Error(code: 0): Class \"Fideloper\\Proxy\\TrustProxies\" not found at D:\\KULIAH\\SEMESTER 3\\TUGAS\\Praktikum Pemrograman Web 2\\code\\latihanUTS\\laravel-sb-admin-2\\app\\Http\\Middleware\\TrustProxies.php:8)
[stacktrace]
#0 D:\\KULIAH\\SEMESTER 3\\TUGAS\\Praktikum Pemrograman Web 2\\code\\latihanUTS\\laravel-sb-admin-2\\vendor\\composer\\ClassLoader.php(576): include()
#1 D:\\KULIAH\\SEMESTER 3\\TUGAS\\Praktikum Pemrograman Web 2\\code\\latihanUTS\\laravel-sb-admin-2\\vendor\\composer\\ClassLoader.php(427): Composer\\Autoload\\{closure}('D:\\\\KULIAH\\\\SEMES...')
#2 [internal function]: Composer\\Autoload\\ClassLoader->loadClass('App\\\\Http\\\\Middle...')
#3 D:\\KULIAH\\SEMESTER 3\\TUGAS\\Praktikum Pemrograman Web 2\\code\\latihanUTS\\laravel-sb-admin-2\\vendor\\laravel\\framework\\src\\Illuminate\\Container\\Container.php(904): ReflectionClass->__construct('App\\\\Http\\\\Middle...')
#4 D:\\KULIAH\\SEMESTER 3\\TUGAS\\Praktikum Pemrograman Web 2\\code\\latihanUTS\\laravel-sb-admin-2\\vendor\\laravel\\framework\\src\\Illuminate\\Container\\Container.php(787): Illuminate\\Container\\Container->build('App\\\\Http\\\\Middle...')
#5 D:\\KULIAH\\SEMESTER 3\\TUGAS\\Praktikum Pemrograman Web 2\\code\\latihanUTS\\laravel-sb-admin-2\\vendor\\laravel\\framework\\src\\Illuminate\\Foundation\\Application.php(1041): Illuminate\\Container\\Container->resolve('App\\\\Http\\\\Middle...', Array, true)
#6 D:\\KULIAH\\SEMESTER 3\\TUGAS\\Praktikum Pemrograman Web 2\\code\\latihanUTS\\laravel-sb-admin-2\\vendor\\laravel\\framework\\src\\Illuminate\\Container\\Container.php(723): Illuminate\\Foundation\\Application->resolve('App\\\\Http\\\\Middle...', Array)
#7 D:\\KULIAH\\SEMESTER 3\\TUGAS\\Praktikum Pemrograman Web 2\\code\\latihanUTS\\laravel-sb-admin-2\\vendor\\laravel\\framework\\src\\Illuminate\\Foundation\\Application.php(1026): Illuminate\\Container\\Container->make('App\\\\Http\\\\Middle...', Array)
#8 D:\\KULIAH\\SEMESTER 3\\TUGAS\\Praktikum Pemrograman Web 2\\code\\latihanUTS\\laravel-sb-admin-2\\vendor\\laravel\\framework\\src\\Illuminate\\Foundation\\Http\\Kernel.php(255): Illuminate\\Foundation\\Application->make('App\\\\Http\\\\Middle...')
#9 D:\\KULIAH\\SEMESTER 3\\TUGAS\\Praktikum Pemrograman Web 2\\code\\latihanUTS\\laravel-sb-admin-2\\vendor\\laravel\\framework\\src\\Illuminate\\Foundation\\Http\\Kernel.php(213): Illuminate\\Foundation\\Http\\Kernel->terminateMiddleware(Object(Illuminate\\Http\\Request), Object(Illuminate\\Http\\Response))
#10 D:\\KULIAH\\SEMESTER 3\\TUGAS\\Praktikum Pemrograman Web 2\\code\\latihanUTS\\laravel-sb-admin-2\\public\\index.php(60): Illuminate\\Foundation\\Http\\Kernel->terminate(Object(Illuminate\\Http\\Request), Object(Illuminate\\Http\\Response))
#11 D:\\KULIAH\\SEMESTER 3\\TUGAS\\Praktikum Pemrograman Web 2\\code\\latihanUTS\\laravel-sb-admin-2\\server.php(21): require_once('D:\\\\KULIAH\\\\SEMES...')
#12 {main}
"} 
[2024-10-07 14:29:12] local.ERROR: Target class [Fruitcake\Cors\HandleCors] does not exist. {"exception":"[object] (Illuminate\\Contracts\\Container\\BindingResolutionException(code: 0): Target class [Fruitcake\\Cors\\HandleCors] does not exist. at D:\\KULIAH\\SEMESTER 3\\TUGAS\\Praktikum Pemrograman Web 2\\code\\latihanUTS\\laravel-sb-admin-2\\vendor\\laravel\\framework\\src\\Illuminate\\Container\\Container.php:906)
[stacktrace]
#0 D:\\KULIAH\\SEMESTER 3\\TUGAS\\Praktikum Pemrograman Web 2\\code\\latihanUTS\\laravel-sb-admin-2\\vendor\\laravel\\framework\\src\\Illuminate\\Container\\Container.php(787): Illuminate\\Container\\Container->build('Fruitcake\\\\Cors\\\\...')
#1 D:\\KULIAH\\SEMESTER 3\\TUGAS\\Praktikum Pemrograman Web 2\\code\\latihanUTS\\laravel-sb-admin-2\\vendor\\laravel\\framework\\src\\Illuminate\\Foundation\\Application.php(1041): Illuminate\\Container\\Container->resolve('Fruitcake\\\\Cors\\\\...', Array, true)
#2 D:\\KULIAH\\SEMESTER 3\\TUGAS\\Praktikum Pemrograman Web 2\\code\\latihanUTS\\laravel-sb-admin-2\\vendor\\laravel\\framework\\src\\Illuminate\\Container\\Container.php(723): Illuminate\\Foundation\\Application->resolve('Fruitcake\\\\Cors\\\\...', Array)
#3 D:\\KULIAH\\SEMESTER 3\\TUGAS\\Praktikum Pemrograman Web 2\\code\\latihanUTS\\laravel-sb-admin-2\\vendor\\laravel\\framework\\src\\Illuminate\\Foundation\\Application.php(1026): Illuminate\\Container\\Container->make('Fruitcake\\\\Cors\\\\...', Array)
#4 D:\\KULIAH\\SEMESTER 3\\TUGAS\\Praktikum Pemrograman Web 2\\code\\latihanUTS\\laravel-sb-admin-2\\vendor\\laravel\\framework\\src\\Illuminate\\Pipeline\\Pipeline.php(172): Illuminate\\Foundation\\Application->make('Fruitcake\\\\Cors\\\\...')
#5 D:\\KULIAH\\SEMESTER 3\\TUGAS\\Praktikum Pemrograman Web 2\\code\\latihanUTS\\laravel-sb-admin-2\\vendor\\laravel\\framework\\src\\Illuminate\\Http\\Middleware\\TrustProxies.php(57): Illuminate\\Pipeline\\Pipeline->Illuminate\\Pipeline\\{closure}(Object(Illuminate\\Http\\Request))
#6 D:\\KULIAH\\SEMESTER 3\\TUGAS\\Praktikum Pemrograman Web 2\\code\\latihanUTS\\laravel-sb-admin-2\\vendor\\laravel\\framework\\src\\Illuminate\\Pipeline\\Pipeline.php(183): Illuminate\\Http\\Middleware\\TrustProxies->handle(Object(Illuminate\\Http\\Request), Object(Closure))
#7 D:\\KULIAH\\SEMESTER 3\\TUGAS\\Praktikum Pemrograman Web 2\\code\\latihanUTS\\laravel-sb-admin-2\\vendor\\laravel\\framework\\src\\Illuminate\\Pipeline\\Pipeline.php(119): Illuminate\\Pipeline\\Pipeline->Illuminate\\Pipeline\\{closure}(Object(Illuminate\\Http\\Request))
#8 D:\\KULIAH\\SEMESTER 3\\TUGAS\\Praktikum Pemrograman Web 2\\code\\latihanUTS\\laravel-sb-admin-2\\vendor\\laravel\\framework\\src\\Illuminate\\Foundation\\Http\\Kernel.php(175): Illuminate\\Pipeline\\Pipeline->then(Object(Closure))
#9 D:\\KULIAH\\SEMESTER 3\\TUGAS\\Praktikum Pemrograman Web 2\\code\\latihanUTS\\laravel-sb-admin-2\\vendor\\laravel\\framework\\src\\Illuminate\\Foundation\\Http\\Kernel.php(144): Illuminate\\Foundation\\Http\\Kernel->sendRequestThroughRouter(Object(Illuminate\\Http\\Request))
#10 D:\\KULIAH\\SEMESTER 3\\TUGAS\\Praktikum Pemrograman Web 2\\code\\latihanUTS\\laravel-sb-admin-2\\public\\index.php(54): Illuminate\\Foundation\\Http\\Kernel->handle(Object(Illuminate\\Http\\Request))
#11 D:\\KULIAH\\SEMESTER 3\\TUGAS\\Praktikum Pemrograman Web 2\\code\\latihanUTS\\laravel-sb-admin-2\\server.php(21): require_once('D:\\\\KULIAH\\\\SEMES...')
#12 {main}

[previous exception] [object] (ReflectionException(code: -1): Class \"Fruitcake\\Cors\\HandleCors\" does not exist at D:\\KULIAH\\SEMESTER 3\\TUGAS\\Praktikum Pemrograman Web 2\\code\\latihanUTS\\laravel-sb-admin-2\\vendor\\laravel\\framework\\src\\Illuminate\\Container\\Container.php:904)
[stacktrace]
#0 D:\\KULIAH\\SEMESTER 3\\TUGAS\\Praktikum Pemrograman Web 2\\code\\latihanUTS\\laravel-sb-admin-2\\vendor\\laravel\\framework\\src\\Illuminate\\Container\\Container.php(904): ReflectionClass->__construct('Fruitcake\\\\Cors\\\\...')
#1 D:\\KULIAH\\SEMESTER 3\\TUGAS\\Praktikum Pemrograman Web 2\\code\\latihanUTS\\laravel-sb-admin-2\\vendor\\laravel\\framework\\src\\Illuminate\\Container\\Container.php(787): Illuminate\\Container\\Container->build('Fruitcake\\\\Cors\\\\...')
#2 D:\\KULIAH\\SEMESTER 3\\TUGAS\\Praktikum Pemrograman Web 2\\code\\latihanUTS\\laravel-sb-admin-2\\vendor\\laravel\\framework\\src\\Illuminate\\Foundation\\Application.php(1041): Illuminate\\Container\\Container->resolve('Fruitcake\\\\Cors\\\\...', Array, true)
#3 D:\\KULIAH\\SEMESTER 3\\TUGAS\\Praktikum Pemrograman Web 2\\code\\latihanUTS\\laravel-sb-admin-2\\vendor\\laravel\\framework\\src\\Illuminate\\Container\\Container.php(723): Illuminate\\Foundation\\Application->resolve('Fruitcake\\\\Cors\\\\...', Array)
#4 D:\\KULIAH\\SEMESTER 3\\TUGAS\\Praktikum Pemrograman Web 2\\code\\latihanUTS\\laravel-sb-admin-2\\vendor\\laravel\\framework\\src\\Illuminate\\Foundation\\Application.php(1026): Illuminate\\Container\\Container->make('Fruitcake\\\\Cors\\\\...', Array)
#5 D:\\KULIAH\\SEMESTER 3\\TUGAS\\Praktikum Pemrograman Web 2\\code\\latihanUTS\\laravel-sb-admin-2\\vendor\\laravel\\framework\\src\\Illuminate\\Pipeline\\Pipeline.php(172): Illuminate\\Foundation\\Application->make('Fruitcake\\\\Cors\\\\...')
#6 D:\\KULIAH\\SEMESTER 3\\TUGAS\\Praktikum Pemrograman Web 2\\code\\latihanUTS\\laravel-sb-admin-2\\vendor\\laravel\\framework\\src\\Illuminate\\Http\\Middleware\\TrustProxies.php(57): Illuminate\\Pipeline\\Pipeline->Illuminate\\Pipeline\\{closure}(Object(Illuminate\\Http\\Request))
#7 D:\\KULIAH\\SEMESTER 3\\TUGAS\\Praktikum Pemrograman Web 2\\code\\latihanUTS\\laravel-sb-admin-2\\vendor\\laravel\\framework\\src\\Illuminate\\Pipeline\\Pipeline.php(183): Illuminate\\Http\\Middleware\\TrustProxies->handle(Object(Illuminate\\Http\\Request), Object(Closure))
#8 D:\\KULIAH\\SEMESTER 3\\TUGAS\\Praktikum Pemrograman Web 2\\code\\latihanUTS\\laravel-sb-admin-2\\vendor\\laravel\\framework\\src\\Illuminate\\Pipeline\\Pipeline.php(119): Illuminate\\Pipeline\\Pipeline->Illuminate\\Pipeline\\{closure}(Object(Illuminate\\Http\\Request))
#9 D:\\KULIAH\\SEMESTER 3\\TUGAS\\Praktikum Pemrograman Web 2\\code\\latihanUTS\\laravel-sb-admin-2\\vendor\\laravel\\framework\\src\\Illuminate\\Foundation\\Http\\Kernel.php(175): Illuminate\\Pipeline\\Pipeline->then(Object(Closure))
#10 D:\\KULIAH\\SEMESTER 3\\TUGAS\\Praktikum Pemrograman Web 2\\code\\latihanUTS\\laravel-sb-admin-2\\vendor\\laravel\\framework\\src\\Illuminate\\Foundation\\Http\\Kernel.php(144): Illuminate\\Foundation\\Http\\Kernel->sendRequestThroughRouter(Object(Illuminate\\Http\\Request))
#11 D:\\KULIAH\\SEMESTER 3\\TUGAS\\Praktikum Pemrograman Web 2\\code\\latihanUTS\\laravel-sb-admin-2\\public\\index.php(54): Illuminate\\Foundation\\Http\\Kernel->handle(Object(Illuminate\\Http\\Request))
#12 D:\\KULIAH\\SEMESTER 3\\TUGAS\\Praktikum Pemrograman Web 2\\code\\latihanUTS\\laravel-sb-admin-2\\server.php(21): require_once('D:\\\\KULIAH\\\\SEMES...')
#13 {main}
"} 
[2024-10-07 14:29:12] local.ERROR: Target class [Fruitcake\Cors\HandleCors] does not exist. {"exception":"[object] (Illuminate\\Contracts\\Container\\BindingResolutionException(code: 0): Target class [Fruitcake\\Cors\\HandleCors] does not exist. at D:\\KULIAH\\SEMESTER 3\\TUGAS\\Praktikum Pemrograman Web 2\\code\\latihanUTS\\laravel-sb-admin-2\\vendor\\laravel\\framework\\src\\Illuminate\\Container\\Container.php:906)
[stacktrace]
#0 D:\\KULIAH\\SEMESTER 3\\TUGAS\\Praktikum Pemrograman Web 2\\code\\latihanUTS\\laravel-sb-admin-2\\vendor\\laravel\\framework\\src\\Illuminate\\Container\\Container.php(787): Illuminate\\Container\\Container->build('Fruitcake\\\\Cors\\\\...')
#1 D:\\KULIAH\\SEMESTER 3\\TUGAS\\Praktikum Pemrograman Web 2\\code\\latihanUTS\\laravel-sb-admin-2\\vendor\\laravel\\framework\\src\\Illuminate\\Foundation\\Application.php(1041): Illuminate\\Container\\Container->resolve('Fruitcake\\\\Cors\\\\...', Array, true)
#2 D:\\KULIAH\\SEMESTER 3\\TUGAS\\Praktikum Pemrograman Web 2\\code\\latihanUTS\\laravel-sb-admin-2\\vendor\\laravel\\framework\\src\\Illuminate\\Container\\Container.php(723): Illuminate\\Foundation\\Application->resolve('Fruitcake\\\\Cors\\\\...', Array)
#3 D:\\KULIAH\\SEMESTER 3\\TUGAS\\Praktikum Pemrograman Web 2\\code\\latihanUTS\\laravel-sb-admin-2\\vendor\\laravel\\framework\\src\\Illuminate\\Foundation\\Application.php(1026): Illuminate\\Container\\Container->make('Fruitcake\\\\Cors\\\\...', Array)
#4 D:\\KULIAH\\SEMESTER 3\\TUGAS\\Praktikum Pemrograman Web 2\\code\\latihanUTS\\laravel-sb-admin-2\\vendor\\laravel\\framework\\src\\Illuminate\\Foundation\\Http\\Kernel.php(255): Illuminate\\Foundation\\Application->make('Fruitcake\\\\Cors\\\\...')
#5 D:\\KULIAH\\SEMESTER 3\\TUGAS\\Praktikum Pemrograman Web 2\\code\\latihanUTS\\laravel-sb-admin-2\\vendor\\laravel\\framework\\src\\Illuminate\\Foundation\\Http\\Kernel.php(213): Illuminate\\Foundation\\Http\\Kernel->terminateMiddleware(Object(Illuminate\\Http\\Request), Object(Illuminate\\Http\\Response))
#6 D:\\KULIAH\\SEMESTER 3\\TUGAS\\Praktikum Pemrograman Web 2\\code\\latihanUTS\\laravel-sb-admin-2\\public\\index.php(60): Illuminate\\Foundation\\Http\\Kernel->terminate(Object(Illuminate\\Http\\Request), Object(Illuminate\\Http\\Response))
#7 D:\\KULIAH\\SEMESTER 3\\TUGAS\\Praktikum Pemrograman Web 2\\code\\latihanUTS\\laravel-sb-admin-2\\server.php(21): require_once('D:\\\\KULIAH\\\\SEMES...')
#8 {main}

[previous exception] [object] (ReflectionException(code: -1): Class \"Fruitcake\\Cors\\HandleCors\" does not exist at D:\\KULIAH\\SEMESTER 3\\TUGAS\\Praktikum Pemrograman Web 2\\code\\latihanUTS\\laravel-sb-admin-2\\vendor\\laravel\\framework\\src\\Illuminate\\Container\\Container.php:904)
[stacktrace]
#0 D:\\KULIAH\\SEMESTER 3\\TUGAS\\Praktikum Pemrograman Web 2\\code\\latihanUTS\\laravel-sb-admin-2\\vendor\\laravel\\framework\\src\\Illuminate\\Container\\Container.php(904): ReflectionClass->__construct('Fruitcake\\\\Cors\\\\...')
#1 D:\\KULIAH\\SEMESTER 3\\TUGAS\\Praktikum Pemrograman Web 2\\code\\latihanUTS\\laravel-sb-admin-2\\vendor\\laravel\\framework\\src\\Illuminate\\Container\\Container.php(787): Illuminate\\Container\\Container->build('Fruitcake\\\\Cors\\\\...')
#2 D:\\KULIAH\\SEMESTER 3\\TUGAS\\Praktikum Pemrograman Web 2\\code\\latihanUTS\\laravel-sb-admin-2\\vendor\\laravel\\framework\\src\\Illuminate\\Foundation\\Application.php(1041): Illuminate\\Container\\Container->resolve('Fruitcake\\\\Cors\\\\...', Array, true)
#3 D:\\KULIAH\\SEMESTER 3\\TUGAS\\Praktikum Pemrograman Web 2\\code\\latihanUTS\\laravel-sb-admin-2\\vendor\\laravel\\framework\\src\\Illuminate\\Container\\Container.php(723): Illuminate\\Foundation\\Application->resolve('Fruitcake\\\\Cors\\\\...', Array)
#4 D:\\KULIAH\\SEMESTER 3\\TUGAS\\Praktikum Pemrograman Web 2\\code\\latihanUTS\\laravel-sb-admin-2\\vendor\\laravel\\framework\\src\\Illuminate\\Foundation\\Application.php(1026): Illuminate\\Container\\Container->make('Fruitcake\\\\Cors\\\\...', Array)
#5 D:\\KULIAH\\SEMESTER 3\\TUGAS\\Praktikum Pemrograman Web 2\\code\\latihanUTS\\laravel-sb-admin-2\\vendor\\laravel\\framework\\src\\Illuminate\\Foundation\\Http\\Kernel.php(255): Illuminate\\Foundation\\Application->make('Fruitcake\\\\Cors\\\\...')
#6 D:\\KULIAH\\SEMESTER 3\\TUGAS\\Praktikum Pemrograman Web 2\\code\\latihanUTS\\laravel-sb-admin-2\\vendor\\laravel\\framework\\src\\Illuminate\\Foundation\\Http\\Kernel.php(213): Illuminate\\Foundation\\Http\\Kernel->terminateMiddleware(Object(Illuminate\\Http\\Request), Object(Illuminate\\Http\\Response))
#7 D:\\KULIAH\\SEMESTER 3\\TUGAS\\Praktikum Pemrograman Web 2\\code\\latihanUTS\\laravel-sb-admin-2\\public\\index.php(60): Illuminate\\Foundation\\Http\\Kernel->terminate(Object(Illuminate\\Http\\Request), Object(Illuminate\\Http\\Response))
#8 D:\\KULIAH\\SEMESTER 3\\TUGAS\\Praktikum Pemrograman Web 2\\code\\latihanUTS\\laravel-sb-admin-2\\server.php(21): require_once('D:\\\\KULIAH\\\\SEMES...')
#9 {main}
"} 
